0 info it worked if it ends with ok
1 verbose cli [ '/usr/bin/node',
1 verbose cli   '/usr/bin/npm',
1 verbose cli   'install',
1 verbose cli   '--save',
1 verbose cli   'socketet.io' ]
2 info using npm@1.4.28
3 info using node@v0.10.38
4 verbose node symlink /usr/bin/node
5 verbose config Skipping project config: /home/neelima/.npmrc. (matches userconfig)
6 verbose readDependencies using package.json deps
7 verbose cache add [ 'socketet.io', null ]
8 verbose cache add name=undefined spec="socketet.io" args=["socketet.io",null]
9 verbose parsed url { protocol: null,
9 verbose parsed url   slashes: null,
9 verbose parsed url   auth: null,
9 verbose parsed url   host: null,
9 verbose parsed url   port: null,
9 verbose parsed url   hostname: null,
9 verbose parsed url   hash: null,
9 verbose parsed url   search: null,
9 verbose parsed url   query: null,
9 verbose parsed url   pathname: 'socketet.io',
9 verbose parsed url   path: 'socketet.io',
9 verbose parsed url   href: 'socketet.io' }
10 silly lockFile a2bdca1d-socketet-io socketet.io
11 verbose lock socketet.io /home/neelima/.npm/a2bdca1d-socketet-io.lock
12 silly lockFile a2bdca1d-socketet-io socketet.io
13 silly lockFile a2bdca1d-socketet-io socketet.io
14 verbose addNamed [ 'socketet.io', '' ]
15 verbose addNamed [ null, '*' ]
16 silly lockFile a84a0987-socketet-io socketet.io@
17 verbose lock socketet.io@ /home/neelima/.npm/a84a0987-socketet-io.lock
18 silly addNameRange { name: 'socketet.io', range: '*', hasData: false }
19 verbose request where is /socketet.io
20 verbose request registry https://registry.npmjs.org/
21 verbose request id 7466cd80e505f5fd
22 verbose url raw /socketet.io
23 verbose url resolving [ 'https://registry.npmjs.org/', './socketet.io' ]
24 verbose url resolved https://registry.npmjs.org/socketet.io
25 verbose request where is https://registry.npmjs.org/socketet.io
26 info trying registry request attempt 1 at 22:43:44
27 http GET https://registry.npmjs.org/socketet.io
28 http 404 https://registry.npmjs.org/socketet.io
29 verbose headers { server: 'CouchDB/1.5.0 (Erlang OTP/R16B03)',
29 verbose headers   'content-type': 'application/json',
29 verbose headers   'cache-control': 'max-age=0',
29 verbose headers   'content-length': '51',
29 verbose headers   'accept-ranges': 'bytes',
29 verbose headers   date: 'Thu, 21 May 2015 02:43:44 GMT',
29 verbose headers   via: '1.1 varnish',
29 verbose headers   age: '0',
29 verbose headers   connection: 'keep-alive',
29 verbose headers   'x-served-by': 'cache-jfk1024-JFK',
29 verbose headers   'x-cache': 'MISS',
29 verbose headers   'x-cache-hits': '0',
29 verbose headers   'x-timer': 'S1432176224.662806,VS0,VE21' }
30 silly registry.get cb [ 404,
30 silly registry.get   { server: 'CouchDB/1.5.0 (Erlang OTP/R16B03)',
30 silly registry.get     'content-type': 'application/json',
30 silly registry.get     'cache-control': 'max-age=0',
30 silly registry.get     'content-length': '51',
30 silly registry.get     'accept-ranges': 'bytes',
30 silly registry.get     date: 'Thu, 21 May 2015 02:43:44 GMT',
30 silly registry.get     via: '1.1 varnish',
30 silly registry.get     age: '0',
30 silly registry.get     connection: 'keep-alive',
30 silly registry.get     'x-served-by': 'cache-jfk1024-JFK',
30 silly registry.get     'x-cache': 'MISS',
30 silly registry.get     'x-cache-hits': '0',
30 silly registry.get     'x-timer': 'S1432176224.662806,VS0,VE21' } ]
31 silly lockFile a84a0987-socketet-io socketet.io@
32 silly lockFile a84a0987-socketet-io socketet.io@
33 error 404 404 Not Found: socketet.io
33 error 404
33 error 404 'socketet.io' is not in the npm registry.
33 error 404 You should bug the author to publish it
33 error 404 It was specified as a dependency of 'neelima'
33 error 404
33 error 404 Note that you can also install from a
33 error 404 tarball, folder, or http url, or git url.
34 error System Linux 3.13.0-32-generic
35 error command "/usr/bin/node" "/usr/bin/npm" "install" "--save" "socketet.io"
36 error cwd /home/neelima/Documents/github/interactive node
37 error node -v v0.10.38
38 error npm -v 1.4.28
39 error code E404
40 verbose exit [ 1, true ]
